0 0 PROPERTY OF JQUERY RETURNS THE NUMBER OF ELEMENTS WHICH WERE IS A SELECTOR FOR JQUERY TO SELECT ELEMENTS WHICH HAVE NO CHILD OR NO OF EMPTY TEXTAREA IS AND OF EMPTY INPUT WITH THE CLASS TITLE IS ENABLE	
0 0 SOLID	
0 1	
0 1 0	
0 1 IS 2 IS 4 ALWAYS 7 ACTIVESYNC FEATURES DEFAULT 0 MSEXCHOMAADMINWIRELESSENABLE SELECT	
0 400PX SOLID	
0 8 BIT UNSIGNED SO ALLOWS 255 ZERO EMPTY OTHER 255 THE 255 IS VERY DIFFERENT TO SQL SERVER ALWAYS PADS THE DATA IF NOT IS NO DIFFERENCE BETWEEN AND UNLESS YOU WANT TO INDEX WHERE YOU HAVE A LIMIT OF 900 SERVER BEFORE 7 HAD VARCHAR LIMIT OF 255 AND NO UNICODE THAT WAS A	
0 AFTER FOUND THE ERROR CODE IS NO ENOUGH CAN I AVOID THIS PASS 3500 HEIGHT	
0 AND CATEGORY	
0 BE AS SIMPLE AS MAKING TWO MAIN ONE WRAPS THE CONTENT ONE AND CENTERS	
0 DO SOMETHING	
0 DO STUFF	
0 ECHO	
0 ECHO ECHO ELSE ECHO 2 ECHO ECHO ECHO	
0 EXEC ECHO DEBUG EXEC DEBUG STH LOG STH NORMAL ERROT STH FINISH CLOSE DESCRIPTOR	
0 GUESSING THE 0 B PART IS EVALUATED AS A AND THE RESULTS ARE THEN CAST TO AN WHILE 1 1 7 PART IS ALREADY AN ABOVE GUESS HAS BEEN POINTED OUT IN THE COMMENTS TO BE CORRECT VERSION IN THE TOP THE B IS ALREADY CAST TO AN INT WITH SIGN EXTENSION BEFORE THE OR	
0 IDENTIFY AND IMPLEMENT POC PROJECT FOR ALL TECHNICAL DELIVERABLES WITH CUSTOMER ACCEPTANCE IF JUST A FAUX	
0 IN YOUR I KNOW THIS CENTERS TEXT FOR TAGS BUT I KNOW ABOUT	
0 INSERT INTO COUNTRY VALUES	
0 IS LESS THAN 2 YOU ARE YOUR GOING BACK TO THE LOOP IF THE VALUE IN EAX IS GREATER THAN THE CURRENT ALSO LOOKS LIKE THE ZERO IS USED AS AN EXIT CODE IN THESE IN THIS CASE WHEN YOU HIT THE ZERO IN THE IT IS EFFECTIVELY THE LOWEST NUMBER AND THE EXIT	
