00000000000000000000001 X 11111110	1
00000000000000000000001 POSITIVE IEEE	1
000000000000000A G DF	1
000000000000000A W DF	2
0000000000000061 PTR PTR	1
000000000000009B W DF	1
000000000000009B G DF	1
00000000000000D7 G DF	1
00000000000000F5 G DF	1
000000000000071C G DF	1
0000000000003040 I THINK	1
0000000000007000 8 0000000000000000	1
0000000000007000 8 0000000000006000	2
0000000000007000 4 0000000000008000	1
0000000000007000 4 0000000000006000	2
0000000000007000 4 0000000000007000	1
000000000000A000 1024 00002B33704D0000	1
000000000000A000 1192 0000000000000000	1
000000000000A000 4 0000000000009000	1
0000000000016000 24 0000000000000000	1
